<?xml version="1.0" encoding="UTF-8"?>
<testsuite xmlns:xsi="http://www.w3.org/2001/XMLSchema-instance" xsi:noNamespaceSchemaLocation="https://maven.apache.org/surefire/maven-surefire-plugin/xsd/surefire-test-report-3.0.xsd" version="3.0" name="Test_Product" time="4.025" tests="11" errors="0" skipped="0" failures="2">
  <properties>
[...]
</properties>
  <testcase name="updateCreatedTest" classname="Test_Product" time="0.425"/>
  <testcase name="deleteDeletedProductTest" classname="Test_Product" time="0.179"/>
  <testcase name="getCreatedTest" classname="Test_Product" time="0.142"/>
  <testcase name="checkNonNegativePriceTest" classname="Test_Product" time="0.101">
    <failure message="&#10;Expected: is &lt;false&gt;&#10;     but: was &lt;true&gt;" type="java.lang.AssertionError"><![CDATA[java.lang.AssertionError: 

Expected: is <false>
     but: was <true>
	at Test_Product.checkNonNegativePriceTest(Test_Product.java:60)
]]></failure>
    <system-err><![CDATA[нояб. 16, 2021 8:53:01 PM okhttp3.internal.platform.Platform log
INFO: --> POST http://80.78.248.82:8189/market/api/v1/products
нояб. 16, 2021 8:53:01 PM okhttp3.internal.platform.Platform log
INFO: Content-Type: application/json; charset=UTF-8
нояб. 16, 2021 8:53:01 PM okhttp3.internal.platform.Platform log
INFO: Content-Length: 57
нояб. 16, 2021 8:53:01 PM okhttp3.internal.platform.Platform log
INFO: 
нояб. 16, 2021 8:53:01 PM okhttp3.internal.platform.Platform log
INFO: {
  "title" : "Rosemary",
  "price" : -2765,
  "categoryTitle" : "Food"
}
нояб. 16, 2021 8:53:01 PM okhttp3.internal.platform.Platform log
INFO: --> END POST (57-byte body)
нояб. 16, 2021 8:53:01 PM okhttp3.internal.platform.Platform log
INFO: --> POST http://80.78.248.82:8189/market/api/v1/products
нояб. 16, 2021 8:53:01 PM okhttp3.internal.platform.Platform log
INFO: Content-Type: application/json; charset=UTF-8
нояб. 16, 2021 8:53:01 PM okhttp3.internal.platform.Platform log
INFO: Content-Length: 57
нояб. 16, 2021 8:53:01 PM okhttp3.internal.platform.Platform log
INFO: 
нояб. 16, 2021 8:53:01 PM okhttp3.internal.platform.Platform log
INFO: {
  "title" : "Rosemary",
  "price" : -2765,
  "categoryTitle" : "Food"
}
нояб. 16, 2021 8:53:01 PM okhttp3.internal.platform.Platform log
INFO: --> END POST (57-byte body)
нояб. 16, 2021 8:53:01 PM okhttp3.internal.platform.Platform log
INFO: <-- 201 http://80.78.248.82:8189/market/api/v1/products (23ms)
нояб. 16, 2021 8:53:01 PM okhttp3.internal.platform.Platform log
INFO: Content-Type: application/json
нояб. 16, 2021 8:53:01 PM okhttp3.internal.platform.Platform log
INFO: Transfer-Encoding: chunked
нояб. 16, 2021 8:53:01 PM okhttp3.internal.platform.Platform log
INFO: Date: Tue, 16 Nov 2021 17:53:02 GMT
нояб. 16, 2021 8:53:01 PM okhttp3.internal.platform.Platform log
INFO: Keep-Alive: timeout=60
нояб. 16, 2021 8:53:01 PM okhttp3.internal.platform.Platform log
INFO: Connection: keep-alive
нояб. 16, 2021 8:53:01 PM okhttp3.internal.platform.Platform log
INFO: 
нояб. 16, 2021 8:53:01 PM okhttp3.internal.platform.Platform log
INFO: {
  "id" : 14372,
  "title" : "Rosemary",
  "price" : -2765,
  "categoryTitle" : "Food"
}
нояб. 16, 2021 8:53:01 PM okhttp3.internal.platform.Platform log
INFO: <-- END HTTP (68-byte body)
нояб. 16, 2021 8:53:01 PM okhttp3.internal.platform.Platform log
INFO: <-- 201 http://80.78.248.82:8189/market/api/v1/products (39ms)
нояб. 16, 2021 8:53:01 PM okhttp3.internal.platform.Platform log
INFO: Content-Type: application/json
нояб. 16, 2021 8:53:01 PM okhttp3.internal.platform.Platform log
INFO: Transfer-Encoding: chunked
нояб. 16, 2021 8:53:01 PM okhttp3.internal.platform.Platform log
INFO: Date: Tue, 16 Nov 2021 17:53:02 GMT
нояб. 16, 2021 8:53:01 PM okhttp3.internal.platform.Platform log
INFO: Keep-Alive: timeout=60
нояб. 16, 2021 8:53:01 PM okhttp3.internal.platform.Platform log
INFO: Connection: keep-alive
нояб. 16, 2021 8:53:01 PM okhttp3.internal.platform.Platform log
INFO: 
нояб. 16, 2021 8:53:01 PM okhttp3.internal.platform.Platform log
INFO: {
  "id" : 14372,
  "title" : "Rosemary",
  "price" : -2765,
  "categoryTitle" : "Food"
}
нояб. 16, 2021 8:53:01 PM okhttp3.internal.platform.Platform log
INFO: <-- END HTTP (68-byte body)
нояб. 16, 2021 8:53:01 PM okhttp3.internal.platform.Platform log
INFO: --> DELETE http://80.78.248.82:8189/market/api/v1/products/0
нояб. 16, 2021 8:53:01 PM okhttp3.internal.platform.Platform log
INFO: --> END DELETE
нояб. 16, 2021 8:53:01 PM okhttp3.internal.platform.Platform log
INFO: --> DELETE http://80.78.248.82:8189/market/api/v1/products/0
нояб. 16, 2021 8:53:01 PM okhttp3.internal.platform.Platform log
INFO: --> END DELETE
нояб. 16, 2021 8:53:01 PM okhttp3.internal.platform.Platform log
INFO: <-- 500 http://80.78.248.82:8189/market/api/v1/products/0 (22ms)
нояб. 16, 2021 8:53:01 PM okhttp3.internal.platform.Platform log
INFO: Content-Type: application/json
нояб. 16, 2021 8:53:01 PM okhttp3.internal.platform.Platform log
INFO: Transfer-Encoding: chunked
нояб. 16, 2021 8:53:01 PM okhttp3.internal.platform.Platform log
INFO: Date: Tue, 16 Nov 2021 17:53:02 GMT
нояб. 16, 2021 8:53:01 PM okhttp3.internal.platform.Platform log
INFO: Connection: close
нояб. 16, 2021 8:53:01 PM okhttp3.internal.platform.Platform log
INFO: 
нояб. 16, 2021 8:53:01 PM okhttp3.internal.platform.Platform log
INFO: {
  "timestamp" : "2021-11-16T17:53:02.099+00:00",
  "status" : 500,
  "error" : "Internal Server Error",
  "message" : "",
  "path" : "/market/api/v1/products/0"
}
нояб. 16, 2021 8:53:01 PM okhttp3.internal.platform.Platform log
INFO: <-- END HTTP (138-byte body)
нояб. 16, 2021 8:53:01 PM okhttp3.internal.platform.Platform log
INFO: <-- 500 http://80.78.248.82:8189/market/api/v1/products/0 (38ms)
нояб. 16, 2021 8:53:01 PM okhttp3.internal.platform.Platform log
INFO: Content-Type: application/json
нояб. 16, 2021 8:53:01 PM okhttp3.internal.platform.Platform log
INFO: Transfer-Encoding: chunked
нояб. 16, 2021 8:53:01 PM okhttp3.internal.platform.Platform log
INFO: Date: Tue, 16 Nov 2021 17:53:02 GMT
нояб. 16, 2021 8:53:01 PM okhttp3.internal.platform.Platform log
INFO: Connection: close
нояб. 16, 2021 8:53:01 PM okhttp3.internal.platform.Platform log
INFO: 
нояб. 16, 2021 8:53:01 PM okhttp3.internal.platform.Platform log
INFO: {
  "timestamp" : "2021-11-16T17:53:02.099+00:00",
  "status" : 500,
  "error" : "Internal Server Error",
  "message" : "",
  "path" : "/market/api/v1/products/0"
}
нояб. 16, 2021 8:53:01 PM okhttp3.internal.platform.Platform log
INFO: <-- END HTTP (138-byte body)
]]></system-err>
  </testcase>
  <testcase name="postProductTest" classname="Test_Product" time="0.162"/>
  <testcase name="createProductInFoodCategoryTest" classname="Test_Product" time="0.238"/>
  <testcase name="getNotExistTest" classname="Test_Product" time="0.203"/>
  <testcase name="createProductWithIDTest" classname="Test_Product" time="0.11"/>
  <testcase name="checkCreationUniqueTest" classname="Test_Product" time="0.219">
    <failure message="&#10;Expected: is &lt;false&gt;&#10;     but: was &lt;true&gt;" type="java.lang.AssertionError"><![CDATA[java.lang.AssertionError: 

Expected: is <false>
     but: was <true>
	at Test_Product.checkCreationUniqueTest(Test_Product.java:52)
]]></failure>
    <system-err><![CDATA[нояб. 16, 2021 8:53:02 PM okhttp3.internal.platform.Platform log
INFO: --> POST http://80.78.248.82:8189/market/api/v1/products
нояб. 16, 2021 8:53:02 PM okhttp3.internal.platform.Platform log
INFO: Content-Type: application/json; charset=UTF-8
нояб. 16, 2021 8:53:02 PM okhttp3.internal.platform.Platform log
INFO: Content-Length: 56
нояб. 16, 2021 8:53:02 PM okhttp3.internal.platform.Platform log
INFO: 
нояб. 16, 2021 8:53:02 PM okhttp3.internal.platform.Platform log
INFO: {
  "title" : "Chickory",
  "price" : 4385,
  "categoryTitle" : "Food"
}
нояб. 16, 2021 8:53:02 PM okhttp3.internal.platform.Platform log
INFO: --> END POST (56-byte body)
нояб. 16, 2021 8:53:02 PM okhttp3.internal.platform.Platform log
INFO: --> POST http://80.78.248.82:8189/market/api/v1/products
нояб. 16, 2021 8:53:02 PM okhttp3.internal.platform.Platform log
INFO: Content-Type: application/json; charset=UTF-8
нояб. 16, 2021 8:53:02 PM okhttp3.internal.platform.Platform log
INFO: Content-Length: 56
нояб. 16, 2021 8:53:02 PM okhttp3.internal.platform.Platform log
INFO: 
нояб. 16, 2021 8:53:02 PM okhttp3.internal.platform.Platform log
INFO: {
  "title" : "Chickory",
  "price" : 4385,
  "categoryTitle" : "Food"
}
нояб. 16, 2021 8:53:02 PM okhttp3.internal.platform.Platform log
INFO: --> END POST (56-byte body)
нояб. 16, 2021 8:53:02 PM okhttp3.internal.platform.Platform log
INFO: <-- 201 http://80.78.248.82:8189/market/api/v1/products (41ms)
нояб. 16, 2021 8:53:02 PM okhttp3.internal.platform.Platform log
INFO: Content-Type: application/json
нояб. 16, 2021 8:53:02 PM okhttp3.internal.platform.Platform log
INFO: Transfer-Encoding: chunked
нояб. 16, 2021 8:53:02 PM okhttp3.internal.platform.Platform log
INFO: Date: Tue, 16 Nov 2021 17:53:03 GMT
нояб. 16, 2021 8:53:02 PM okhttp3.internal.platform.Platform log
INFO: Keep-Alive: timeout=60
нояб. 16, 2021 8:53:02 PM okhttp3.internal.platform.Platform log
INFO: Connection: keep-alive
нояб. 16, 2021 8:53:02 PM okhttp3.internal.platform.Platform log
INFO: 
нояб. 16, 2021 8:53:02 PM okhttp3.internal.platform.Platform log
INFO: {
  "id" : 14376,
  "title" : "Chickory",
  "price" : 4385,
  "categoryTitle" : "Food"
}
нояб. 16, 2021 8:53:02 PM okhttp3.internal.platform.Platform log
INFO: <-- END HTTP (67-byte body)
нояб. 16, 2021 8:53:02 PM okhttp3.internal.platform.Platform log
INFO: <-- 201 http://80.78.248.82:8189/market/api/v1/products (75ms)
нояб. 16, 2021 8:53:02 PM okhttp3.internal.platform.Platform log
INFO: Content-Type: application/json
нояб. 16, 2021 8:53:02 PM okhttp3.internal.platform.Platform log
INFO: Transfer-Encoding: chunked
нояб. 16, 2021 8:53:02 PM okhttp3.internal.platform.Platform log
INFO: Date: Tue, 16 Nov 2021 17:53:03 GMT
нояб. 16, 2021 8:53:02 PM okhttp3.internal.platform.Platform log
INFO: Keep-Alive: timeout=60
нояб. 16, 2021 8:53:02 PM okhttp3.internal.platform.Platform log
INFO: Connection: keep-alive
нояб. 16, 2021 8:53:02 PM okhttp3.internal.platform.Platform log
INFO: 
нояб. 16, 2021 8:53:02 PM okhttp3.internal.platform.Platform log
INFO: {
  "id" : 14376,
  "title" : "Chickory",
  "price" : 4385,
  "categoryTitle" : "Food"
}
нояб. 16, 2021 8:53:02 PM okhttp3.internal.platform.Platform log
INFO: <-- END HTTP (67-byte body)
нояб. 16, 2021 8:53:02 PM okhttp3.internal.platform.Platform log
INFO: --> POST http://80.78.248.82:8189/market/api/v1/products
нояб. 16, 2021 8:53:02 PM okhttp3.internal.platform.Platform log
INFO: Content-Type: application/json; charset=UTF-8
нояб. 16, 2021 8:53:02 PM okhttp3.internal.platform.Platform log
INFO: Content-Length: 56
нояб. 16, 2021 8:53:02 PM okhttp3.internal.platform.Platform log
INFO: 
нояб. 16, 2021 8:53:02 PM okhttp3.internal.platform.Platform log
INFO: {
  "title" : "Chickory",
  "price" : 4385,
  "categoryTitle" : "Food"
}
нояб. 16, 2021 8:53:02 PM okhttp3.internal.platform.Platform log
INFO: --> END POST (56-byte body)
нояб. 16, 2021 8:53:02 PM okhttp3.internal.platform.Platform log
INFO: --> POST http://80.78.248.82:8189/market/api/v1/products
нояб. 16, 2021 8:53:02 PM okhttp3.internal.platform.Platform log
INFO: Content-Type: application/json; charset=UTF-8
нояб. 16, 2021 8:53:02 PM okhttp3.internal.platform.Platform log
INFO: Content-Length: 56
нояб. 16, 2021 8:53:02 PM okhttp3.internal.platform.Platform log
INFO: 
нояб. 16, 2021 8:53:02 PM okhttp3.internal.platform.Platform log
INFO: {
  "title" : "Chickory",
  "price" : 4385,
  "categoryTitle" : "Food"
}
нояб. 16, 2021 8:53:02 PM okhttp3.internal.platform.Platform log
INFO: --> END POST (56-byte body)
нояб. 16, 2021 8:53:03 PM okhttp3.internal.platform.Platform log
INFO: <-- 201 http://80.78.248.82:8189/market/api/v1/products (38ms)
нояб. 16, 2021 8:53:03 PM okhttp3.internal.platform.Platform log
INFO: Content-Type: application/json
нояб. 16, 2021 8:53:03 PM okhttp3.internal.platform.Platform log
INFO: Transfer-Encoding: chunked
нояб. 16, 2021 8:53:03 PM okhttp3.internal.platform.Platform log
INFO: Date: Tue, 16 Nov 2021 17:53:03 GMT
нояб. 16, 2021 8:53:03 PM okhttp3.internal.platform.Platform log
INFO: Keep-Alive: timeout=60
нояб. 16, 2021 8:53:03 PM okhttp3.internal.platform.Platform log
INFO: Connection: keep-alive
нояб. 16, 2021 8:53:03 PM okhttp3.internal.platform.Platform log
INFO: 
нояб. 16, 2021 8:53:03 PM okhttp3.internal.platform.Platform log
INFO: {
  "id" : 14377,
  "title" : "Chickory",
  "price" : 4385,
  "categoryTitle" : "Food"
}
нояб. 16, 2021 8:53:03 PM okhttp3.internal.platform.Platform log
INFO: <-- END HTTP (67-byte body)
нояб. 16, 2021 8:53:03 PM okhttp3.internal.platform.Platform log
INFO: <-- 201 http://80.78.248.82:8189/market/api/v1/products (66ms)
нояб. 16, 2021 8:53:03 PM okhttp3.internal.platform.Platform log
INFO: Content-Type: application/json
нояб. 16, 2021 8:53:03 PM okhttp3.internal.platform.Platform log
INFO: Transfer-Encoding: chunked
нояб. 16, 2021 8:53:03 PM okhttp3.internal.platform.Platform log
INFO: Date: Tue, 16 Nov 2021 17:53:03 GMT
нояб. 16, 2021 8:53:03 PM okhttp3.internal.platform.Platform log
INFO: Keep-Alive: timeout=60
нояб. 16, 2021 8:53:03 PM okhttp3.internal.platform.Platform log
INFO: Connection: keep-alive
нояб. 16, 2021 8:53:03 PM okhttp3.internal.platform.Platform log
INFO: 
нояб. 16, 2021 8:53:03 PM okhttp3.internal.platform.Platform log
INFO: {
  "id" : 14377,
  "title" : "Chickory",
  "price" : 4385,
  "categoryTitle" : "Food"
}
нояб. 16, 2021 8:53:03 PM okhttp3.internal.platform.Platform log
INFO: <-- END HTTP (67-byte body)
нояб. 16, 2021 8:53:03 PM okhttp3.internal.platform.Platform log
INFO: --> DELETE http://80.78.248.82:8189/market/api/v1/products/14376
нояб. 16, 2021 8:53:03 PM okhttp3.internal.platform.Platform log
INFO: --> END DELETE
нояб. 16, 2021 8:53:03 PM okhttp3.internal.platform.Platform log
INFO: --> DELETE http://80.78.248.82:8189/market/api/v1/products/14376
нояб. 16, 2021 8:53:03 PM okhttp3.internal.platform.Platform log
INFO: --> END DELETE
нояб. 16, 2021 8:53:03 PM okhttp3.internal.platform.Platform log
INFO: <-- 200 http://80.78.248.82:8189/market/api/v1/products/14376 (32ms)
нояб. 16, 2021 8:53:03 PM okhttp3.internal.platform.Platform log
INFO: Content-Length: 0
нояб. 16, 2021 8:53:03 PM okhttp3.internal.platform.Platform log
INFO: Date: Tue, 16 Nov 2021 17:53:03 GMT
нояб. 16, 2021 8:53:03 PM okhttp3.internal.platform.Platform log
INFO: Keep-Alive: timeout=60
нояб. 16, 2021 8:53:03 PM okhttp3.internal.platform.Platform log
INFO: Connection: keep-alive
нояб. 16, 2021 8:53:03 PM okhttp3.internal.platform.Platform log
INFO: <-- END HTTP (0-byte body)
нояб. 16, 2021 8:53:03 PM okhttp3.internal.platform.Platform log
INFO: <-- 200 http://80.78.248.82:8189/market/api/v1/products/14376 (56ms)
нояб. 16, 2021 8:53:03 PM okhttp3.internal.platform.Platform log
INFO: Content-Length: 0
нояб. 16, 2021 8:53:03 PM okhttp3.internal.platform.Platform log
INFO: Date: Tue, 16 Nov 2021 17:53:03 GMT
нояб. 16, 2021 8:53:03 PM okhttp3.internal.platform.Platform log
INFO: Keep-Alive: timeout=60
нояб. 16, 2021 8:53:03 PM okhttp3.internal.platform.Platform log
INFO: Connection: keep-alive
нояб. 16, 2021 8:53:03 PM okhttp3.internal.platform.Platform log
INFO: <-- END HTTP (0-byte body)
]]></system-err>
  </testcase>
  <testcase name="checkCreationProductWithNotExistCategoryTest" classname="Test_Product" time="0.185"/>
  <testcase name="updateNotExistTest" classname="Test_Product" time="0.25"/>
</testsuite>