<?xml version="1.0" encoding="UTF-8"?>
<testsuite xmlns:xsi="http://www.w3.org/2001/XMLSchema-instance" xsi:noNamespaceSchemaLocation="https://maven.apache.org/surefire/maven-surefire-plugin/xsd/surefire-test-report-3.0.xsd" version="3.0" name="Test_Category" time="3.585" tests="5" errors="0" skipped="0" failures="1">
  <properties>
[...]
</properties>
  <testcase name="testThatElectronicPriceAllMoreThanZero" classname="Test_Category" time="1.461"/>
  <testcase name="getCategoryByIdPositiveTest" classname="Test_Category" time="0.379"/>
  <testcase name="testThatFoodPriceAllMoreThanZero" classname="Test_Category" time="0.282">
    <failure message="&#10;Expected: a value greater than &lt;0&gt;&#10;     but: &lt;-100&gt; was less than &lt;0&gt;" type="java.lang.AssertionError"><![CDATA[java.lang.AssertionError: 

Expected: a value greater than <0>
     but: <-100> was less than <0>
	at Test_Category.lambda$testThatFoodPriceAllMoreThanZero$1(Test_Category.java:45)
	at Test_Category.testThatFoodPriceAllMoreThanZero(Test_Category.java:44)
]]></failure>
    <system-err><![CDATA[нояб. 16, 2021 8:52:58 PM okhttp3.internal.platform.Platform log
INFO: --> GET http://80.78.248.82:8189/market/api/v1/categories/1
нояб. 16, 2021 8:52:58 PM okhttp3.internal.platform.Platform log
INFO: --> END GET
нояб. 16, 2021 8:52:58 PM okhttp3.internal.platform.Platform log
INFO: <-- 200 http://80.78.248.82:8189/market/api/v1/categories/1 (41ms)
нояб. 16, 2021 8:52:58 PM okhttp3.internal.platform.Platform log
INFO: Content-Type: application/json
нояб. 16, 2021 8:52:58 PM okhttp3.internal.platform.Platform log
INFO: Transfer-Encoding: chunked
нояб. 16, 2021 8:52:58 PM okhttp3.internal.platform.Platform log
INFO: Date: Tue, 16 Nov 2021 17:52:59 GMT
нояб. 16, 2021 8:52:58 PM okhttp3.internal.platform.Platform log
INFO: Keep-Alive: timeout=60
нояб. 16, 2021 8:52:58 PM okhttp3.internal.platform.Platform log
INFO: Connection: keep-alive
нояб. 16, 2021 8:52:58 PM okhttp3.internal.platform.Platform log
INFO: 
нояб. 16, 2021 8:52:58 PM okhttp3.internal.platform.Platform log
INFO: {
  "id" : 1,
  "title" : "Food",
  "products" : [ {
    "id" : 13413,
    "title" : "Bread",
    "price" : 100,
    "categoryTitle" : "Food"
  }, {
    "id" : 13503,
    "title" : "Cheeseburger",
    "price" : 195,
    "categoryTitle" : "Food"
  }, {
    "id" : 13414,
    "title" : "Smartwatches",
    "price" : 15000,
    "categoryTitle" : "Food"
  }, {
    "id" : 14266,
    "title" : "Pasta Carbonara",
    "price" : 106,
    "categoryTitle" : "Food"
  }, {
    "id" : 13415,
    "title" : "Bread",
    "price" : 100,
    "categoryTitle" : "Food"
  }, {
    "id" : 13505,
    "title" : "Meatballs with Sauce",
    "price" : 164,
    "categoryTitle" : "Food"
  }, {
    "id" : 13506,
    "title" : "Mushroom Risotto",
    "price" : 151,
    "categoryTitle" : "Food"
  }, {
    "id" : 14267,
    "title" : "Linguine with Clams",
    "price" : 166,
    "categoryTitle" : "Food"
  }, {
    "id" : 13501,
    "title" : "Bread",
    "price" : -100,
    "categoryTitle" : "Food"
  }, {
    "id" : 13418,
    "title" : "Barbecue Ribs",
    "price" : 138,
    "categoryTitle" : "Food"
  }, {
    "id" : 13508,
    "title" : "Linguine with Clams",
    "price" : 103,
    "categoryTitle" : "Food"
  }, {
    "id" : 13419,
    "title" : "Som Tam",
    "price" : 123,
    "categoryTitle" : "Food"
  }, {
    "id" : 13509,
    "title" : "Chicken Parm",
    "price" : 104,
    "categoryTitle" : "Food"
  }, {
    "id" : 13420,
    "title" : "Philadelphia Maki",
    "price" : 147,
    "categoryTitle" : "Food"
  }, {
    "id" : 13510,
    "title" : "Barbecue Ribs",
    "price" : 103,
    "categoryTitle" : "Food"
  }, {
    "id" : 13421,
    "title" : "Risotto with Seafood",
    "price" : 132,
    "categoryTitle" : "Food"
  }, {
    "id" : 13302,
    "title" : "Sage",
    "price" : 852,
    "categoryTitle" : "Food"
  }, {
    "id" : 13303,
    "title" : "Achacha",
    "price" : 642,
    "categoryTitle" : "Food"
  }, {
    "id" : 13304,
    "title" : "Wholewheat Flour",
    "price" : 800,
    "categoryTitle" : "Food"
  }, {
    "id" : 13305,
    "title" : "Red Lentils",
    "price" : 111,
    "categoryTitle" : "Food"
  }, {
    "id" : 13306,
    "title" : "French Eschallots",
    "price" : 711,
    "categoryTitle" : "Food"
  }, {
    "id" : 13307,
    "title" : "Miso",
    "price" : 818,
    "categoryTitle" : "Food"
  }, {
    "id" : 13308,
    "title" : "Hummus",
    "price" : 978,
    "categoryTitle" : "Food"
  }, {
    "id" : 13309,
    "title" : "Eggplant",
    "price" : 41,
    "categoryTitle" : "Food"
  }, {
    "id" : 13310,
    "title" : "Cornmeal",
    "price" : 801,
    "categoryTitle" : "Food"
  }, {
    "id" : 13311,
    "title" : "Galangal",
    "price" : 166,
    "categoryTitle" : "Food"
  }, {
    "id" : 13312,
    "title" : "Choy Sum",
    "price" : 466,
    "categoryTitle" : "Food"
  }, {
    "id" : 13313,
    "title" : "Koshihikari Rice",
    "price" : 187,
    "categoryTitle" : "Food"
  }, {
    "id" : 13314,
    "title" : "1/3 gallon",
    "price" : 3999,
    "categoryTitle" : "Food"
  }, {
    "id" : 13481,
    "title" : "Cauliflower Penne",
    "price" : 185,
    "categoryTitle" : "Food"
  }, {
    "id" : 13322,
    "title" : "Sushi",
    "price" : 123,
    "categoryTitle" : "Food"
  }, {
    "id" : 13482,
    "title" : "Scotch Eggs",
    "price" : 138,
    "categoryTitle" : "Food"
  }, {
    "id" : 13519,
    "title" : "Bread",
    "price" : 100,
    "categoryTitle" : "Food"
  }, {
    "id" : 13325,
    "title" : "Teriyaki Chicken Donburi",
    "price" : 132,
    "categoryTitle" : "Food"
  }, {
    "id" : 13520,
    "title" : "Smartwatches",
    "price" : 15000,
    "categoryTitle" : "Food"
  }, {
    "id" : 13328,
    "title" : "Chicken Parm",
    "price" : 198,
    "categoryTitle" : "Food"
  }, {
    "id" : 13329,
    "title" : "Chilli con Carne",
    "price" : 101,
    "categoryTitle" : "Food"
  }, {
    "id" : 13330,
    "title" : "Lasagne",
    "price" : 174,
    "categoryTitle" : "Food"
  }, {
    "id" : 13331,
    "title" : "Chicken Parm",
    "price" : 131,
    "categoryTitle" : "Food"
  }, {
    "id" : 13332,
    "title" : "Chicken Milanese",
    "price" : 108,
    "categoryTitle" : "Food"
  }, {
    "id" : 13315,
    "title" : "qweqwer",
    "price" : -1000,
    "categoryTitle" : "Food"
  }, {
    "id" : 13333,
    "title" : "newProduct",
    "price" : -1000,
    "categoryTitle" : "Food"
  }, {
    "id" : 13334,
    "title" : "newProduct",
    "price" : -1000,
    "categoryTitle" : "Food"
  }, {
    "id" : 13336,
    "title" : null,
    "price" : 1,
    "categoryTitle" : "Food"
  }, {
    "id" : 13337,
    "title" : "Curry Leaves",
    "price" : 140,
    "categoryTitle" : "Food"
  }, {
    "id" : 13483,
    "title" : "Barbecue Ribs",
    "price" : 158,
    "categoryTitle" : "Food"
  }, {
    "id" : 13384,
    "title" : "Pasta with Tomato and Basil",
    "price" : 167,
    "categoryTitle" : "Food"
  }, {
    "id" : 13385,
    "title" : "Ricotta Stuffed Ravioli",
    "price" : 193,
    "categoryTitle" : "Food"
  }, {
    "id" : 13386,
    "title" : "Hummus",
    "price" : 161,
    "categoryTitle" : "Food"
  }, {
    "id" : 13342,
    "title" : "Celery Seed",
    "price" : 156,
    "categoryTitle" : "Food"
  }, {
    "id" : 13387,
    "title" : "Salmon Nigiri",
    "price" : 159,
    "categoryTitle" : "Food"
  }, {
    "id" : 13388,
    "title" : "Pasta Carbonara",
    "price" : 0,
    "categoryTitle" : "Food"
  }, {
    "id" : 13389,
    "title" : "Chicken Parm",
    "price" : 0,
    "categoryTitle" : "Food"
  }, {
    "id" : 13390,
    "title" : "Stinky Tofu",
    "price" : 0,
    "categoryTitle" : "Food"
  }, {
    "id" : 13345,
    "title" : "Poutine",
    "price" : 167,
    "categoryTitle" : "Food"
  }, {
    "id" : 13346,
    "title" : "Arepas",
    "price" : 102,
    "categoryTitle" : "Food"
  }, {
    "id" : 13347,
    "title" : "Caprese Salad",
    "price" : 148,
    "categoryTitle" : "Food"
  }, {
    "id" : 13348,
    "title" : "Caprese Salad",
    "price" : 165,
    "categoryTitle" : "Food"
  }, {
    "id" : 13349,
    "title" : "French Fries with Sausages",
    "price" : 124,
    "categoryTitle" : "Food"
  }, {
    "id" : 13350,
    "title" : "Tiramis?",
    "price" : 171,
    "categoryTitle" : "Food"
  }, {
    "id" : 13351,
    "title" : "French Fries with Sausages",
    "price" : 129,
    "categoryTitle" : "Food"
  }, {
    "id" : 13352,
    "title" : "Tiramis?",
    "price" : 195,
    "categoryTitle" : "Food"
  }, {
    "id" : 13353,
    "title" : "Chicken Milanese",
    "price" : 145,
    "categoryTitle" : "Food"
  }, {
    "id" : 13354,
    "title" : "Risotto with Seafood",
    "price" : 113,
    "categoryTitle" : "Food"
  }, {
    "id" : 13355,
    "title" : "Scotch Eggs",
    "price" : 161,
    "categoryTitle" : "Food"
  }, {
    "id" : 13356,
    "title" : "Pasta with Tomato and Basil",
    "price" : 106,
    "categoryTitle" : "Food"
  }, {
    "id" : 13357,
    "title" : "Teriyaki Chicken Donburi",
    "price" : 117,
    "categoryTitle" : "Food"
  }, {
    "id" : 13358,
    "title" : "Vegetable Soup",
    "price" : 155,
    "categoryTitle" : "Food"
  }, {
    "id" : 13359,
    "title" : "Barbecue Ribs",
    "price" : 119,
    "categoryTitle" : "Food"
  }, {
    "id" : 13360,
    "title" : "French Toast",
    "price" : 195,
    "categoryTitle" : "Food"
  }, {
    "id" : 13361,
    "title" : "Pasta with Tomato and Basil",
    "price" : 187,
    "categoryTitle" : "Food"
  }, {
    "id" : 13391,
    "title" : "Fish and Chips",
    "price" : 0,
    "categoryTitle" : "Food"
  }, {
    "id" : 13392,
    "title" : "Tuna Sashimi",
    "price" : 0,
    "categoryTitle" : "Food"
  }, {
    "id" : 13393,
    "title" : "Caprese Salad",
    "price" : 0,
    "categoryTitle" : "Food"
  }, {
    "id" : 13521,
    "title" : "Smartwatches",
    "price" : 15000,
    "categoryTitle" : "Food"
  }, {
    "id" : 13484,
    "title" : "Som Tam",
    "price" : 120,
    "categoryTitle" : "Food"
  }, {
    "id" : 13428,
    "title" : "Linguine with Clams",
    "price" : 123,
    "categoryTitle" : "Food"
  }, {
    "id" : 13429,
    "title" : null,
    "price" : 0,
    "categoryTitle" : "Food"
  }, {
    "id" : 13430,
    "title" : null,
    "price" : 0,
    "categoryTitle" : "Food"
  }, {
    "id" : 13443,
    "title" : "Tuna Sashimi",
    "price" : 192,
    "categoryTitle" : "Food"
  }, {
    "id" : 13444,
    "title" : null,
    "price" : 0,
    "categoryTitle" : "Food"
  }, {
    "id" : 13445,
    "title" : "Risotto with Seafood",
    "price" : 144,
    "categoryTitle" : "Food"
  }, {
    "id" : 13447,
    "title" : "Peking Duck",
    "price" : 150,
    "categoryTitle" : "Food"
  }, {
    "id" : 13449,
    "title" : null,
    "price" : 0,
    "categoryTitle" : "Food"
  }, {
    "id" : 13451,
    "title" : "Tuna Sashimi",
    "price" : 116,
    "categoryTitle" : "Food"
  }, {
    "id" : 13455,
    "title" : "Risotto with Seafood",
    "price" : 104,
    "categoryTitle" : "Food"
  }, {
    "id" : 13456,
    "title" : null,
    "price" : 0,
    "categoryTitle" : "Food"
  }, {
    "id" : 13457,
    "title" : "Fettuccine Alfredo",
    "price" : 177,
    "categoryTitle" : "Food"
  }, {
    "id" : 13461,
    "title" : null,
    "price" : 0,
    "categoryTitle" : "Food"
  }, {
    "id" : 13464,
    "title" : "Chicken Parm",
    "price" : 177,
    "categoryTitle" : "Food"
  }, {
    "id" : 13465,
    "title" : "Chicken Fajitas",
    "price" : 100,
    "categoryTitle" : "Food"
  }, {
    "id" : 13466,
    "title" : "Barbecue Ribs",
    "price" : 187,
    "categoryTitle" : "Food"
  }, {
    "id" : 13467,
    "title" : "Caprese Salad",
    "price" : 167,
    "categoryTitle" : "Food"
  }, {
    "id" : 13468,
    "title" : "Cauliflower Penne",
    "price" : 163,
    "categoryTitle" : "Food"
  }, {
    "id" : 13469,
    "title" : "Philadelphia Maki",
    "price" : 152,
    "categoryTitle" : "Food"
  }, {
    "id" : 13470,
    "title" : "Stinky Tofu",
    "price" : 148,
    "categoryTitle" : "Food"
  }, {
    "id" : 13471,
    "title" : "Pasta and Beans",
    "price" : 182,
    "categoryTitle" : "Food"
  }, {
    "id" : 13472,
    "title" : "Chilli con Carne",
    "price" : 160,
    "categoryTitle" : "Food"
  }, {
    "id" : 13473,
    "title" : "Tuna Sashimi",
    "price" : 108,
    "categoryTitle" : "Food"
  }, {
    "id" : 13474,
    "title" : "Barbecue Ribs",
    "price" : 105,
    "categoryTitle" : "Food"
  }, {
    "id" : 13475,
    "title" : "French Toast",
    "price" : 100,
    "categoryTitle" : "Food"
  }, {
    "id" : 13476,
    "title" : "Cauliflower Penne",
    "price" : 138,
    "categoryTitle" : "Food"
  }, {
    "id" : 13477,
    "title" : "Tacos",
    "price" : 140,
    "categoryTitle" : "Food"
  }, {
    "id" : 13478,
    "title" : "Katsu Curry",
    "price" : 102,
    "categoryTitle" : "Food"
  }, {
    "id" : 13479,
    "title" : "Pho",
    "price" : 134,
    "categoryTitle" : "Food"
  }, {
    "id" : 13480,
    "title" : "Barbecue Ribs",
    "price" : 134,
    "categoryTitle" : "Food"
  }, {
    "id" : 13485,
    "title" : "Meatballs with Sauce",
    "price" : 183,
    "categoryTitle" : "Food"
  }, {
    "id" : 13486,
    "title" : "Caprese Salad",
    "price" : 126,
    "categoryTitle" : "Food"
  }, {
    "id" : 13487,
    "title" : "Pierogi",
    "price" : 126,
    "categoryTitle" : "Food"
  }, {
    "id" : 13489,
    "title" : "Meatballs with Sauce",
    "price" : 124,
    "categoryTitle" : "Food"
  }, {
    "id" : 13491,
    "title" : "Hummus",
    "price" : 185,
    "categoryTitle" : "Food"
  }, {
    "id" : 13522,
    "title" : "WAAAAAAAAAAAAAAAAAAAAAAAAAAAAAAAAAAAAAAAAAAAAAGGGGGGGGGGGGGGHHHHHHHHHHHHHHHH",
    "price" : 15000,
    "categoryTitle" : "Food"
  }, {
    "id" : 13523,
    "title" : "WAAAAAAAAAAAAAAAAAAAAAAAAAAAAAAAAAAAAAAAAAAAAAGGGGGGGGGGGGGGHHHHHHHHHHHHHHHH",
    "price" : 15000,
    "categoryTitle" : "Food"
  }, {
    "id" : 13524,
    "title" : "WAAAAAAAAAAAAAAAAAAAAAAAAAAAAAAAAAAAAAAAAAAAAAGGGGGGGGGGGGGGHHHHHHHHHHHHHHHH",
    "price" : 15000,
    "categoryTitle" : "Food"
  }, {
    "id" : 13525,
    "title" : "WAAAAAAAAAAAAAAAAAAAAAAAAAAAAAAAAAAAAAAAAAAAAAGGGGGGGGGGGGGGHHHHHHHHHHHHHHHH",
    "price" : 15000,
    "categoryTitle" : "Food"
  }, {
    "id" : 13528,
    "title" : "WAAAAAAAAAAAAAAAAAAAAAAAAAAAAAAAAAAAAAAAAAAAAAGGGGGGGGGGGGGGHHHHHHHHHHHHHHHH",
    "price" : 0,
    "categoryTitle" : "Food"
  }, {
    "id" : 13529,
    "title" : "WAAAAAAAAAAAAAAAAAAAAAAAAAAAAAAAAAAAAAAAAAAAAAGGGGGGGGGGGGGGHHHHHHHHHHHHHHHH",
    "price" : 0,
    "categoryTitle" : "Food"
  }, {
    "id" : 13530,
    "title" : "WAAAAAAAAAAAAAAAAAAAAAAAAAAAAAAAAAAAAAAAAAAAAAGGGGGGGGGGGGGGHHHHHHHHHHHHHHHH",
    "price" : -600,
    "categoryTitle" : "Food"
  }, {
    "id" : 13531,
    "title" : "WAAAAAAAAAAAAAAAAAAAAAAAAAAAAAAAAAAAAAAAAAAAAAGGGGGGGGGGGGGGHHHHHHHHHHHHHHHH",
    "price" : 15000,
    "categoryTitle" : "Food"
  }, {
    "id" : 13781,
    "title" : "Celery Seed",
    "price" : 929,
    "categoryTitle" : "Food"
  }, {
    "id" : 13533,
    "title" : "WAAAAAAAAAAAAAAAAAAAAAAAAAAAAAAAAAAAAAAAAAAAAAGGGGGGGGGGGGGGHHHHHHHHHHHHHHHH",
    "price" : 0,
    "categoryTitle" : "Food"
  }, {
    "id" : 13534,
    "title" : "WAAAAAAAAAAAAAAAAAAAAAAAAAAAAAAAAAAAAAAAAAAAAAGGGGGGGGGGGGGGHHHHHHHHHHHHHHHH",
    "price" : 0,
    "categoryTitle" : "Food"
  }, {
    "id" : 13535,
    "title" : "WAAAAAAAAAAAAAAAAAAAAAAAAAAAAAAAAAAAAAAAAAAAAAGGGGGGGGGGGGGGHHHHHHHHHHHHHHHH",
    "price" : -600,
    "categoryTitle" : "Food"
  }, {
    "id" : 13536,
    "title" : "WAAAAAAAAAAAAAAAAAAAAAAAAAAAAAAAAAAAAAAAAAAAAAGGGGGGGGGGGGGGHHHHHHHHHHHHHHHH",
    "price" : 15000,
    "categoryTitle" : "Food"
  }, {
    "id" : 13537,
    "title" : "WAAAAAAAAAAAAAAAAAAAAAAAAAAAAAAAAAAAAAAAAAAAAAGGGGGGGGGGGGGGHHHHHHHHHHHHHHHH",
    "price" : 15000,
    "categoryTitle" : "Food"
  }, {
    "id" : 13538,
    "title" : "WAAAAAAAAAAAAAAAAAAAAAAAAAAAAAAAAAAAAAAAAAAAAAGGGGGGGGGGGGGGHHHHHHHHHHHHHHHH",
    "price" : 15000,
    "categoryTitle" : "Food"
  }, {
    "id" : 13539,
    "title" : "WAAAAAAAAAAAAAAAAAAAAAAAAAAAAAAAAAAAAAAAAAAAAAGGGGGGGGGGGGGGHHHHHHHHHHHHHHHH",
    "price" : 15000,
    "categoryTitle" : "Food"
  }, {
    "id" : 13542,
    "title" : "Scotch Eggs",
    "price" : 130,
    "categoryTitle" : "Food"
  }, {
    "id" : 13609,
    "title" : "cake",
    "price" : 150,
    "categoryTitle" : "Food"
  }, {
    "id" : 13612,
    "title" : "cake",
    "price" : 0,
    "categoryTitle" : "Food"
  }, {
    "id" : 13613,
    "title" : "cake",
    "price" : 0,
    "categoryTitle" : "Food"
  }, {
    "id" : 13614,
    "title" : "cake",
    "price" : -600,
    "categoryTitle" : "Food"
  }, {
    "id" : 13615,
    "title" : "cake",
    "price" : 150,
    "categoryTitle" : "Food"
  }, {
    "id" : 13551,
    "title" : "Cheeseburger",
    "price" : 192,
    "categoryTitle" : "Food"
  }, {
    "id" : 13553,
    "title" : "Pasta with Tomato and Basil",
    "price" : 164,
    "categoryTitle" : "Food"
  }, {
    "id" : 13554,
    "title" : "Som Tam",
    "price" : 129,
    "categoryTitle" : "Food"
  }, {
    "id" : 13556,
    "title" : "Chicken Parm",
    "price" : 104,
    "categoryTitle" : "Food"
  }, {
    "id" : 13557,
    "title" : "Caesar Salad",
    "price" : 171,
    "categoryTitle" : "Food"
  }, {
    "id" : 13559,
    "title" : "California Maki",
    "price" : 188,
    "categoryTitle" : "Food"
  }, {
    "id" : 13560,
    "title" : "Risotto with Seafood",
    "price" : 140,
    "categoryTitle" : "Food"
  }, {
    "id" : 13561,
    "title" : "Pasta with Tomato and Basil",
    "price" : 193,
    "categoryTitle" : "Food"
  }, {
    "id" : 13562,
    "title" : "Pork Belly Buns",
    "price" : 136,
    "categoryTitle" : "Food"
  }, {
    "id" : 13563,
    "title" : "Seafood Paella",
    "price" : 169,
    "categoryTitle" : "Food"
  }, {
    "id" : 13564,
    "title" : "Fettuccine Alfredo",
    "price" : 125,
    "categoryTitle" : "Food"
  }, {
    "id" : 13565,
    "title" : "Ricotta Stuffed Ravioli",
    "price" : 121,
    "categoryTitle" : "Food"
  }, {
    "id" : 13566,
    "title" : "Souvlaki",
    "price" : 172,
    "categoryTitle" : "Food"
  }, {
    "id" : 13567,
    "title" : "Peking Duck",
    "price" : 154,
    "categoryTitle" : "Food"
  }, {
    "id" : 13568,
    "title" : "cake",
    "price" : 150,
    "categoryTitle" : "Food"
  }, {
    "id" : 13569,
    "title" : "cake",
    "price" : 150,
    "categoryTitle" : "Food"
  }, {
    "id" : 13570,
    "title" : "cake",
    "price" : 150,
    "categoryTitle" : "Food"
  }, {
    "id" : 13571,
    "title" : "cake",
    "price" : 150,
    "categoryTitle" : "Food"
  }, {
    "id" : 13572,
    "title" : "cake",
    "price" : 150,
    "categoryTitle" : "Food"
  }, {
    "id" : 13573,
    "title" : "cake",
    "price" : 0,
    "categoryTitle" : "Food"
  }, {
    "id" : 13574,
    "title" : "cake",
    "price" : 0,
    "categoryTitle" : "Food"
  }, {
    "id" : 13575,
    "title" : "cake",
    "price" : -600,
    "categoryTitle" : "Food"
  }, {
    "id" : 13576,
    "title" : "cake",
    "price" : 150,
    "categoryTitle" : "Food"
  }, {
    "id" : 13577,
    "title" : "cake",
    "price" : 150,
    "categoryTitle" : "Food"
  }, {
    "id" : 13578,
    "title" : "cake",
    "price" : 150,
    "categoryTitle" : "Food"
  }, {
    "id" : 13579,
    "title" : "cake",
    "price" : 150,
    "categoryTitle" : "Food"
  }, {
    "id" : 13582,
    "title" : "cake",
    "price" : 0,
    "categoryTitle" : "Food"
  }, {
    "id" : 13583,
    "title" : "cake",
    "price" : 0,
    "categoryTitle" : "Food"
  }, {
    "id" : 13584,
    "title" : "cake",
    "price" : -600,
    "categoryTitle" : "Food"
  }, {
    "id" : 13585,
    "title" : "cake",
    "price" : 150,
    "categoryTitle" : "Food"
  }, {
    "id" : 13586,
    "title" : "cake",
    "price" : 150,
    "categoryTitle" : "Food"
  }, {
    "id" : 13587,
    "title" : "cake",
    "price" : 150,
    "categoryTitle" : "Food"
  }, {
    "id" : 13588,
    "title" : "cake",
    "price" : 150,
    "categoryTitle" : "Food"
  }, {
    "id" : 13591,
    "title" : "cake",
    "price" : 0,
    "categoryTitle" : "Food"
  }, {
    "id" : 13592,
    "title" : "cake",
    "price" : 0,
    "categoryTitle" : "Food"
  }, {
    "id" : 13593,
    "title" : "cake",
    "price" : -600,
    "categoryTitle" : "Food"
  }, {
    "id" : 13594,
    "title" : "cake",
    "price" : 150,
    "categoryTitle" : "Food"
  }, {
    "id" : 13595,
    "title" : "cake",
    "price" : 150,
    "categoryTitle" : "Food"
  }, {
    "id" : 13596,
    "title" : "cake",
    "price" : 150,
    "categoryTitle" : "Food"
  }, {
    "id" : 13597,
    "title" : "cake",
    "price" : 150,
    "categoryTitle" : "Food"
  }, {
    "id" : 13598,
    "title" : "cake",
    "price" : 150,
    "categoryTitle" : "Food"
  }, {
    "id" : 13601,
    "title" : "cake",
    "price" : 0,
    "categoryTitle" : "Food"
  }, {
    "id" : 13602,
    "title" : "cake",
    "price" : 0,
    "categoryTitle" : "Food"
  }, {
    "id" : 13603,
    "title" : "cake",
    "price" : -600,
    "categoryTitle" : "Food"
  }, {
    "id" : 13604,
    "title" : "cake",
    "price" : 150,
    "categoryTitle" : "Food"
  }, {
    "id" : 13605,
    "title" : "Bread",
    "price" : 0,
    "categoryTitle" : "Food"
  }, {
    "id" : 13606,
    "title" : "",
    "price" : 0,
    "categoryTitle" : "Food"
  }, {
    "id" : 13607,
    "title" : "cake",
    "price" : 150,
    "categoryTitle" : "Food"
  }, {
    "id" : 13608,
    "title" : "cake",
    "price" : 150,
    "categoryTitle" : "Food"
  }, {
    "id" : 13634,
    "title" : "cake",
    "price" : -600,
    "categoryTitle" : "Food"
  }, {
    "id" : 13617,
    "title" : "watches",
    "price" : 7000,
    "categoryTitle" : "Food"
  }, {
    "id" : 13618,
    "title" : "cake",
    "price" : 150,
    "categoryTitle" : "Food"
  }, {
    "id" : 13619,
    "title" : "cake",
    "price" : 150,
    "categoryTitle" : "Food"
  }, {
    "id" : 13620,
    "title" : "watches",
    "price" : 7000,
    "categoryTitle" : "Food"
  }, {
    "id" : 13623,
    "title" : "cake",
    "price" : 0,
    "categoryTitle" : "Food"
  }, {
    "id" : 13624,
    "title" : "cake",
    "price" : 0,
    "categoryTitle" : "Food"
  }, {
    "id" : 13625,
    "title" : "cake",
    "price" : -600,
    "categoryTitle" : "Food"
  }, {
    "id" : 13626,
    "title" : "cake",
    "price" : 150,
    "categoryTitle" : "Food"
  }, {
    "id" : 13627,
    "title" : "cake",
    "price" : 150,
    "categoryTitle" : "Food"
  }, {
    "id" : 13628,
    "title" : "cake",
    "price" : 150,
    "categoryTitle" : "Food"
  }, {
    "id" : 13629,
    "title" : "watches",
    "price" : 7000,
    "categoryTitle" : "Food"
  }, {
    "id" : 13632,
    "title" : "cake",
    "price" : 0,
    "categoryTitle" : "Food"
  }, {
    "id" : 13633,
    "title" : "cake",
    "price" : 0,
    "categoryTitle" : "Food"
  }, {
    "id" : 13636,
    "title" : "cake",
    "price" : 150,
    "categoryTitle" : "Food"
  }, {
    "id" : 13637,
    "title" : "cake",
    "price" : 150,
    "categoryTitle" : "Food"
  }, {
    "id" : 13638,
    "title" : "watches",
    "price" : 7000,
    "categoryTitle" : "Food"
  }, {
    "id" : 13641,
    "title" : "cake",
    "price" : 0,
    "categoryTitle" : "Food"
  }, {
    "id" : 13642,
    "title" : "cake",
    "price" : 0,
    "categoryTitle" : "Food"
  }, {
    "id" : 13643,
    "title" : "cake",
    "price" : -600,
    "categoryTitle" : "Food"
  }, {
    "id" : 13645,
    "title" : "cake",
    "price" : 150,
    "categoryTitle" : "Food"
  }, {
    "id" : 13646,
    "title" : "cake",
    "price" : 150,
    "categoryTitle" : "Food"
  }, {
    "id" : 13647,
    "title" : "watches",
    "price" : 7000,
    "categoryTitle" : "Food"
  }, {
    "id" : 13650,
    "title" : "cake",
    "price" : 0,
    "categoryTitle" : "Food"
  }, {
    "id" : 13651,
    "title" : "cake",
    "price" : 0,
    "categoryTitle" : "Food"
  }, {
    "id" : 13652,
    "title" : "cake",
    "price" : -600,
    "categoryTitle" : "Food"
  }, {
    "id" : 13653,
    "title" : "",
    "price" : -600,
    "categoryTitle" : "Food"
  }, {
    "id" : 13654,
    "title" : "",
    "price" : -600,
    "categoryTitle" : "Food"
  }, {
    "id" : 13655,
    "title" : "cake",
    "price" : -600,
    "categoryTitle" : "Food"
  }, {
    "id" : 13656,
    "title" : "cake",
    "price" : 150,
    "categoryTitle" : "Food"
  }, {
    "id" : 13657,
    "title" : "cake",
    "price" : 150,
    "categoryTitle" : "Food"
  }, {
    "id" : 13658,
    "title" : "watches",
    "price" : 7000,
    "categoryTitle" : "Food"
  }, {
    "id" : 13661,
    "title" : "cake",
    "price" : 0,
    "categoryTitle" : "Food"
  }, {
    "id" : 13662,
    "title" : "cake",
    "price" : 0,
    "categoryTitle" : "Food"
  }, {
    "id" : 13663,
    "title" : "cake",
    "price" : -600,
    "categoryTitle" : "Food"
  }, {
    "id" : 13665,
    "title" : "cake",
    "price" : 150,
    "categoryTitle" : "Food"
  }, {
    "id" : 13666,
    "title" : "cake",
    "price" : 150,
    "categoryTitle" : "Food"
  }, {
    "id" : 13667,
    "title" : "watches",
    "price" : 7000,
    "categoryTitle" : "Food"
  }, {
    "id" : 13782,
    "title" : "Soba",
    "price" : 108,
    "categoryTitle" : "Food"
  }, {
    "id" : 13670,
    "title" : "cake",
    "price" : 0,
    "categoryTitle" : "Food"
  }, {
    "id" : 13671,
    "title" : "cake",
    "price" : 0,
    "categoryTitle" : "Food"
  }, {
    "id" : 13672,
    "title" : "cake",
    "price" : -600,
    "categoryTitle" : "Food"
  }, {
    "id" : 13673,
    "title" : "Chicken Milanese",
    "price" : 106,
    "categoryTitle" : "Food"
  }, {
    "id" : 13784,
    "title" : "Corn Syrup",
    "price" : 908,
    "categoryTitle" : "Food"
  }, {
    "id" : 13769,
    "title" : "Barley",
    "price" : 420,
    "categoryTitle" : "Food"
  }, {
    "id" : 13677,
    "title" : "Chicken Milanese",
    "price" : 163,
    "categoryTitle" : "Food"
  }, {
    "id" : 13678,
    "title" : "Chicken Milanese",
    "price" : 132,
    "categoryTitle" : "Food"
  }, {
    "id" : 13680,
    "title" : "Allspice",
    "price" : 204,
    "categoryTitle" : "Food"
  }, {
    "id" : 13682,
    "title" : "ThymeTofu",
    "price" : 747,
    "categoryTitle" : "Food"
  }, {
    "id" : 13683,
    "title" : "Jewfish",
    "price" : 436,
    "categoryTitle" : "Food"
  }, {
    "id" : 13685,
    "title" : "Purple carrot",
    "price" : 468,
    "categoryTitle" : "Food"
  }, {
    "id" : 13876,
    "title" : "Currants",
    "price" : 401,
    "categoryTitle" : "Food"
  }, {
    "id" : 13793,
    "title" : "Cheddar",
    "price" : 430,
    "categoryTitle" : "Food"
  }, {
    "id" : 13838,
    "title" : "Dragonfruit",
    "price" : 676,
    "categoryTitle" : "Food"
  }, {
    "id" : 13796,
    "title" : "Butter Beans",
    "price" : 205,
    "categoryTitle" : "Food"
  }, {
    "id" : 13797,
    "title" : "Kudzu",
    "price" : 457,
    "categoryTitle" : "Food"
  }, {
    "id" : 13694,
    "title" : "Leeks",
    "price" : 725,
    "categoryTitle" : "Food"
  }, {
    "id" : 13799,
    "title" : "Harissa",
    "price" : 86,
    "categoryTitle" : "Food"
  }, {
    "id" : 13697,
    "title" : "Mustard Seed",
    "price" : 432,
    "categoryTitle" : "Food"
  }, {
    "id" : 13698,
    "title" : "Mace",
    "price" : 303,
    "categoryTitle" : "Food"
  }, {
    "id" : 13700,
    "title" : "Tapioca Flour",
    "price" : 900,
    "categoryTitle" : "Food"
  }, {
    "id" : 13877,
    "title" : "Cabbage",
    "price" : 732,
    "categoryTitle" : "Food"
  }, {
    "id" : 13808,
    "title" : "Aniseed",
    "price" : 864,
    "categoryTitle" : "Food"
  }, {
    "id" : 13709,
    "title" : "Alfalfa",
    "price" : 725,
    "categoryTitle" : "Food"
  }, {
    "id" : 13711,
    "title" : "Crabs",
    "price" : 739,
    "categoryTitle" : "Food"
  }, {
    "id" : 13712,
    "title" : "Brown Mushrooms",
    "price" : 937,
    "categoryTitle" : "Food"
  }, {
    "id" : 13713,
    "title" : "Coconut Water",
    "price" : 53,
    "categoryTitle" : "Food"
  }, {
    "id" : 13714,
    "title" : "Dried Apricots",
    "price" : 656,
    "categoryTitle" : "Food"
  }, {
    "id" : 13715,
    "title" : "White Bread",
    "price" : 220,
    "categoryTitle" : "Food"
  }, {
    "id" : 13716,
    "title" : "Wheatgrass Juice",
    "price" : 828,
    "categoryTitle" : "Food"
  }, {
    "id" : 13717,
    "title" : "Curry Leaves",
    "price" : 218,
    "categoryTitle" : "Food"
  }, {
    "id" : 13718,
    "title" : "Rice Noodles",
    "price" : 946,
    "categoryTitle" : "Food"
  }, {
    "id" : 13719,
    "title" : "Camomile",
    "price" : 35271,
    "categoryTitle" : "Food"
  }, {
    "id" : 13720,
    "title" : "Sweet Potato",
    "price" : 164,
    "categoryTitle" : "Food"
  }, {
    "id" : 13721,
    "title" : "Blue Eye Trevalla",
    "price" : 464,
    "categoryTitle" : "Food"
  }, {
    "id" : 13722,
    "title" : "Shark",
    "price" : 600,
    "categoryTitle" : "Food"
  }, {
    "id" : 13723,
    "title" : "Olives",
    "price" : 375,
    "categoryTitle" : "Food"
  }, {
    "id" : 13724,
    "title" : "Extra Virgin Olive Oil",
    "price" : 564,
    "categoryTitle" : "Food"
  }, {
    "id" : 13725,
    "title" : "Guava",
    "price" : 214,
    "categoryTitle" : "Food"
  }, {
    "id" : 13726,
    "title" : "Tuna",
    "price" : 586,
    "categoryTitle" : "Food"
  }, {
    "id" : 13727,
    "title" : "Jasmine Rice",
    "price" : 62,
    "categoryTitle" : "Food"
  }, {
    "id" : 13728,
    "title" : "Chinese Cabbage",
    "price" : 443,
    "categoryTitle" : "Food"
  }, {
    "id" : 13729,
    "title" : "Agar",
    "price" : 849,
    "categoryTitle" : "Food"
  }, {
    "id" : 13730,
    "title" : "Dragonfruit",
    "price" : 201,
    "categoryTitle" : "Food"
  }, {
    "id" : 13731,
    "title" : "Chia Seeds",
    "price" : 48486,
    "categoryTitle" : "Food"
  }, {
    "id" : 13732,
    "title" : "Dill",
    "price" : 141,
    "categoryTitle" : "Food"
  }, {
    "id" : 13733,
    "title" : "Jasmine Rice",
    "price" : 514,
    "categoryTitle" : "Food"
  }, {
    "id" : 13734,
    "title" : "Edamame",
    "price" : 230,
    "categoryTitle" : "Food"
  }, {
    "id" : 13811,
    "title" : "Pineapple",
    "price" : 226,
    "categoryTitle" : "Food"
  }, {
    "id" : 13736,
    "title" : "Nashi Pear",
    "price" : 740,
    "categoryTitle" : "Food"
  }, {
    "id" : 13737,
    "title" : "Sweet Potato",
    "price" : 624,
    "categoryTitle" : "Food"
  }, {
    "id" : 13812,
    "title" : "Adzuki Beans",
    "price" : 254,
    "categoryTitle" : "Food"
  }, {
    "id" : 13739,
    "title" : "Macadamia Nut",
    "price" : 16,
    "categoryTitle" : "Food"
  }, {
    "id" : 13814,
    "title" : "Bamboo Shoots",
    "price" : 126,
    "categoryTitle" : "Food"
  }, {
    "id" : 13841,
    "title" : "Mackerel",
    "price" : 9,
    "categoryTitle" : "Food"
  }, {
    "id" : 13748,
    "title" : "Artichoke",
    "price" : 23,
    "categoryTitle" : "Food"
  }, {
    "id" : 13842,
    "title" : "Marjoram",
    "price" : 300,
    "categoryTitle" : "Food"
  }, {
    "id" : 13823,
    "title" : "Beef",
    "price" : 610,
    "categoryTitle" : "Food"
  }, {
    "id" : 13751,
    "title" : "Tamari",
    "price" : 789,
    "categoryTitle" : "Food"
  }, {
    "id" : 13752,
    "title" : "Broccolini",
    "price" : 570,
    "categoryTitle" : "Food"
  }, {
    "id" : 13754,
    "title" : "Hokkien Noodles",
    "price" : 928,
    "categoryTitle" : "Food"
  }, {
    "id" : 13826,
    "title" : "Goat Milk",
    "price" : 275,
    "categoryTitle" : "Food"
  }, {
    "id" : 13827,
    "title" : "Cocoa powder",
    "price" : 323,
    "categoryTitle" : "Food"
  }, {
    "id" : 13778,
    "title" : "Peas",
    "price" : 167,
    "categoryTitle" : "Food"
  }, {
    "id" : 13829,
    "title" : "Soymilk",
    "price" : 66,
    "categoryTitle" : "Food"
  }, {
    "id" : 13763,
    "title" : "Flathead",
    "price" : 655,
    "categoryTitle" : "Food"
  }, {
    "id" : 13844,
    "title" : "RedWine",
    "price" : 865,
    "categoryTitle" : "Food"
  }, {
    "id" : 13766,
    "title" : "Apple Cider Vinegar",
    "price" : 657,
    "categoryTitle" : "Food"
  }, {
    "id" : 13767,
    "title" : "Hiramasa Kingfish",
    "price" : 62,
    "categoryTitle" : "Food"
  }, {
    "id" : 13878,
    "title" : "Broccoli",
    "price" : 39672,
    "categoryTitle" : "Food"
  }, {
    "id" : 13879,
    "title" : "Cassia bark",
    "price" : 80,
    "categoryTitle" : "Food"
  }, {
    "id" : 13853,
    "title" : "Wholewheat flour",
    "price" : 938,
    "categoryTitle" : "Food"
  }, {
    "id" : 13880,
    "title" : "Nutmeg",
    "price" : 132,
    "categoryTitle" : "Food"
  }, {
    "id" : 13856,
    "title" : "Tomatoes",
    "price" : 998,
    "categoryTitle" : "Food"
  }, {
    "id" : 13857,
    "title" : "Kumera",
    "price" : 809,
    "categoryTitle" : "Food"
  }, {
    "id" : 13859,
    "title" : "Flounder",
    "price" : 131,
    "categoryTitle" : "Food"
  }, {
    "id" : 13881,
    "title" : "Limes",
    "price" : 851,
    "categoryTitle" : "Food"
  }, {
    "id" : 13868,
    "title" : "Nuts",
    "price" : 266,
    "categoryTitle" : "Food"
  }, {
    "id" : 13883,
    "title" : "Hokkien Noodles",
    "price" : 784,
    "categoryTitle" : "Food"
  }, {
    "id" : 13870,
    "title" : "Salmon",
    "price" : 96,
    "categoryTitle" : "Food"
  }, {
    "id" : 13871,
    "title" : "Kumera",
    "price" : 704,
    "categoryTitle" : "Food"
  }, {
    "id" : 13872,
    "title" : "Borlotti Beans",
    "price" : 547,
    "categoryTitle" : "Food"
  }, {
    "id" : 13873,
    "title" : "Cacao",
    "price" : 915,
    "categoryTitle" : "Food"
  }, {
    "id" : 13874,
    "title" : "Grapefruit",
    "price" : 459,
    "categoryTitle" : "Food"
  }, {
    "id" : 13875,
    "title" : "Stevia",
    "price" : 210,
    "categoryTitle" : "Food"
  }, {
    "id" : 13884,
    "title" : "Berries",
    "price" : 44,
    "categoryTitle" : "Food"
  }, {
    "id" : 13886,
    "title" : "Gula Melaka",
    "price" : 174,
    "categoryTitle" : "Food"
  }, {
    "id" : 13919,
    "title" : "Anchovies",
    "price" : 264,
    "categoryTitle" : "Food"
  }, {
    "id" : 13895,
    "title" : "Rhubarb",
    "price" : 734,
    "categoryTitle" : "Food"
  }, {
    "id" : 13898,
    "title" : "Arugula",
    "price" : 542,
    "categoryTitle" : "Food"
  }, {
    "id" : 13899,
    "title" : "Green Pepper",
    "price" : 300,
    "categoryTitle" : "Food"
  }, {
    "id" : 13901,
    "title" : "Brown Flour",
    "price" : 428,
    "categoryTitle" : "Food"
  }, {
    "id" : 13920,
    "title" : "Cherries",
    "price" : 94395,
    "categoryTitle" : "Food"
  }, {
    "id" : 13910,
    "title" : "Cottage Cheese",
    "price" : 547,
    "categoryTitle" : "Food"
  }, {
    "id" : 13921,
    "title" : "Brown Rice Vinegar",
    "price" : 161,
    "categoryTitle" : "Food"
  }, {
    "id" : 13912,
    "title" : "Purple Rice",
    "price" : 893,
    "categoryTitle" : "Food"
  }, {
    "id" : 13913,
    "title" : "Lotus Root",
    "price" : 930,
    "categoryTitle" : "Food"
  }, {
    "id" : 13914,
    "title" : "Lamb",
    "price" : 891,
    "categoryTitle" : "Food"
  }, {
    "id" : 13915,
    "title" : "Cranberry",
    "price" : 114,
    "categoryTitle" : "Food"
  }, {
    "id" : 13916,
    "title" : "Mozzarella",
    "price" : 625,
    "categoryTitle" : "Food"
  }, {
    "id" : 13917,
    "title" : "Papaw",
    "price" : 807,
    "categoryTitle" : "Food"
  }, {
    "id" : 13918,
    "title" : "Lemon",
    "price" : 746,
    "categoryTitle" : "Food"
  }, {
    "id" : 13922,
    "title" : "White Wine",
    "price" : 107,
    "categoryTitle" : "Food"
  }, {
    "id" : 13923,
    "title" : "Cumin",
    "price" : 212,
    "categoryTitle" : "Food"
  }, {
    "id" : 13924,
    "title" : "Greenwheat Freekeh",
    "price" : 828,
    "categoryTitle" : "Food"
  }, {
    "id" : 13925,
    "title" : "Carrot",
    "price" : 676,
    "categoryTitle" : "Food"
  }, {
    "id" : 13926,
    "title" : "Bonito Flakes",
    "price" : 742,
    "categoryTitle" : "Food"
  }, {
    "id" : 13927,
    "title" : "Oats",
    "price" : 508,
    "categoryTitle" : "Food"
  }, {
    "id" : 13928,
    "title" : "Spearmint",
    "price" : 223,
    "categoryTitle" : "Food"
  }, {
    "id" : 13929,
    "title" : "Figs",
    "price" : 262,
    "categoryTitle" : "Food"
  }, {
    "id" : 13930,
    "title" : "Saffron",
    "price" : 426,
    "categoryTitle" : "Food"
  }, {
    "id" : 13931,
    "title" : "Stevia",
    "price" : 163,
    "categoryTitle" : "Food"
  }, {
    "id" : 13932,
    "title" : "Fish Sauce",
    "price" : 61259,
    "categoryTitle" : "Food"
  }, {
    "id" : 13933,
    "title" : "White Flour",
    "price" : 439,
    "categoryTitle" : "Food"
  }, {
    "id" : 13934,
    "title" : "Wholemeal",
    "price" : 574,
    "categoryTitle" : "Food"
  }, {
    "id" : 13935,
    "title" : "Capsicum",
    "price" : 647,
    "categoryTitle" : "Food"
  }, {
    "id" : 13936,
    "title" : "Butternut Lettuce",
    "price" : 294,
    "categoryTitle" : "Food"
  }, {
    "id" : 13937,
    "title" : "Ham",
    "price" : 256,
    "categoryTitle" : "Food"
  }, {
    "id" : 13938,
    "title" : "Brown Rice",
    "price" : 824,
    "categoryTitle" : "Food"
  }, {
    "id" : 13939,
    "title" : "Vinegar",
    "price" : 386,
    "categoryTitle" : "Food"
  }, {
    "id" : 13940,
    "title" : "Camembert",
    "price" : 371,
    "categoryTitle" : "Food"
  }, {
    "id" : 13941,
    "title" : "Soba",
    "price" : 462,
    "categoryTitle" : "Food"
  }, {
    "id" : 13942,
    "title" : "Black Eyed Beans",
    "price" : 753,
    "categoryTitle" : "Food"
  }, {
    "id" : 13943,
    "title" : "Oysters",
    "price" : 851,
    "categoryTitle" : "Food"
  }, {
    "id" : 13944,
    "title" : "Gula Melaka",
    "price" : 67503,
    "categoryTitle" : "Food"
  }, {
    "id" : 13945,
    "title" : "Bran",
    "price" : 425,
    "categoryTitle" : "Food"
  }, {
    "id" : 13946,
    "title" : "Slivered Almonds",
    "price" : 157,
    "categoryTitle" : "Food"
  }, {
    "id" : 13947,
    "title" : "Olives",
    "price" : 517,
    "categoryTitle" : "Food"
  }, {
    "id" : 13987,
    "title" : "Pasta and Beans",
    "price" : 152,
    "categoryTitle" : "Food"
  }, {
    "id" : 13949,
    "title" : "Flathead",
    "price" : 373,
    "categoryTitle" : "Food"
  }, {
    "id" : 13950,
    "title" : "Blood Oranges",
    "price" : 453,
    "categoryTitle" : "Food"
  }, {
    "id" : 13988,
    "title" : "Philadelphia Maki",
    "price" : 148,
    "categoryTitle" : "Food"
  }, {
    "id" : 13952,
    "title" : "Pears",
    "price" : 527,
    "categoryTitle" : "Food"
  }, {
    "id" : 13990,
    "title" : "Pasta Carbonara",
    "price" : 124,
    "categoryTitle" : "Food"
  }, {
    "id" : 13991,
    "title" : "Philadelphia Maki",
    "price" : 138,
    "categoryTitle" : "Food"
  }, {
    "id" : 13992,
    "title" : "Philadelphia Maki",
    "price" : 138,
    "categoryTitle" : "Food"
  }, {
    "id" : 13993,
    "title" : "Chicken Fajitas",
    "price" : 182,
    "categoryTitle" : "Food"
  }, {
    "id" : 13994,
    "title" : "Chicken Fajitas",
    "price" : 182,
    "categoryTitle" : "Food"
  }, {
    "id" : 13995,
    "title" : "Cauliflower Penne",
    "price" : 112,
    "categoryTitle" : "Food"
  }, {
    "id" : 13961,
    "title" : "Green Beans",
    "price" : 226,
    "categoryTitle" : "Food"
  }, {
    "id" : 14000,
    "title" : "Rosy seabass",
    "price" : 192,
    "categoryTitle" : "Food"
  }, {
    "id" : 13964,
    "title" : "Eggs",
    "price" : 509,
    "categoryTitle" : "Food"
  }, {
    "id" : 13965,
    "title" : "Kangaroo",
    "price" : 765,
    "categoryTitle" : "Food"
  }, {
    "id" : 13967,
    "title" : "Passionfruit",
    "price" : 756,
    "categoryTitle" : "Food"
  }, {
    "id" : 14063,
    "title" : "Bruschette with Tomato",
    "price" : 150,
    "categoryTitle" : "Food"
  }, {
    "id" : 14064,
    "title" : "Tiramis?",
    "price" : 157,
    "categoryTitle" : "Food"
  }, {
    "id" : 14065,
    "title" : "Cauliflower Penne",
    "price" : 171,
    "categoryTitle" : "Food"
  }, {
    "id" : 14007,
    "title" : "Peking Duck",
    "price" : 171,
    "categoryTitle" : "Food"
  }, {
    "id" : 13976,
    "title" : "Brown rice vinegar",
    "price" : 194,
    "categoryTitle" : "Food"
  }, {
    "id" : 14008,
    "title" : "Pierogi",
    "price" : 197,
    "categoryTitle" : "Food"
  }, {
    "id" : 14009,
    "title" : "Pasta and Beans",
    "price" : 147,
    "categoryTitle" : "Food"
  }, {
    "id" : 13978,
    "title" : "Katsu Curry",
    "price" : 184,
    "categoryTitle" : "Food"
  }, {
    "id" : 13979,
    "title" : "Chicken Parm",
    "price" : 199,
    "categoryTitle" : "Food"
  }, {
    "id" : 13980,
    "title" : "updateTitle",
    "price" : 100,
    "categoryTitle" : "Food"
  }, {
    "id" : 13981,
    "title" : "updateTitle",
    "price" : 100,
    "categoryTitle" : "Food"
  }, {
    "id" : 13982,
    "title" : "updateTitle",
    "price" : 100,
    "categoryTitle" : "Food"
  }, {
    "id" : 14010,
    "title" : "Philadelphia Maki",
    "price" : 140,
    "categoryTitle" : "Food"
  }, {
    "id" : 14011,
    "title" : "Wheatgrass juice",
    "price" : 25,
    "categoryTitle" : "Food"
  }, {
    "id" : 14013,
    "title" : "White Wine",
    "price" : 17,
    "categoryTitle" : "Food"
  }, {
    "id" : 14066,
    "title" : "Tuna Sashimi",
    "price" : 101,
    "categoryTitle" : "Food"
  }, {
    "id" : 14067,
    "title" : "Bread",
    "price" : 100,
    "categoryTitle" : "Food"
  }, {
    "id" : 14068,
    "title" : "Chicken Milanese",
    "price" : 101,
    "categoryTitle" : "Food"
  }, {
    "id" : 14069,
    "title" : "Massaman Curry",
    "price" : 101,
    "categoryTitle" : "Food"
  }, {
    "id" : 14071,
    "title" : "Hummus",
    "price" : 101,
    "categoryTitle" : "Food"
  }, {
    "id" : 14074,
    "title" : "Seafood Paella",
    "price" : 101,
    "categoryTitle" : "Food"
  }, {
    "id" : 14075,
    "title" : "Scotch Eggs",
    "price" : 101,
    "categoryTitle" : "Food"
  }, {
    "id" : 14076,
    "title" : "Stinky Tofu",
    "price" : 101,
    "categoryTitle" : "Food"
  }, {
    "id" : 14077,
    "title" : "Ricotta Stuffed Ravioli",
    "price" : 101,
    "categoryTitle" : "Food"
  }, {
    "id" : 14078,
    "title" : "Pasta Carbonara",
    "price" : 101,
    "categoryTitle" : "Food"
  }, {
    "id" : 14079,
    "title" : "Cauliflower Penne",
    "price" : 101,
    "categoryTitle" : "Food"
  }, {
    "id" : 14080,
    "title" : "Bruschette with Tomato",
    "price" : 101,
    "categoryTitle" : "Food"
  }, {
    "id" : 14056,
    "title" : "Bread",
    "price" : 100,
    "categoryTitle" : "Food"
  }, {
    "id" : 14057,
    "title" : "Bread",
    "price" : 100,
    "categoryTitle" : "Food"
  }, {
    "id" : 14081,
    "title" : "Meatballs with Sauce",
    "price" : 101,
    "categoryTitle" : "Food"
  }, {
    "id" : 14082,
    "title" : "Caesar Salad",
    "price" : 101,
    "categoryTitle" : "Food"
  }, {
    "id" : 14083,
    "title" : "Scotch Eggs",
    "price" : 101,
    "categoryTitle" : "Food"
  }, {
    "id" : 14084,
    "title" : "Scotch Eggs",
    "price" : 101,
    "categoryTitle" : "Food"
  }, {
    "id" : 14085,
    "title" : "Stinky Tofu",
    "price" : 101,
    "categoryTitle" : "Food"
  }, {
    "id" : 14086,
    "title" : "Chicken Wings",
    "price" : 101,
    "categoryTitle" : "Food"
  }, {
    "id" : 14088,
    "title" : "Pork Belly Buns",
    "price" : 101,
    "categoryTitle" : "Food"
  }, {
    "id" : 14089,
    "title" : "Ebiten maki",
    "price" : 101,
    "categoryTitle" : "Food"
  }, {
    "id" : 14090,
    "title" : "Tuna Sashimi",
    "price" : 101,
    "categoryTitle" : "Food"
  }, {
    "id" : 14091,
    "title" : "Pasta Carbonara",
    "price" : 101,
    "categoryTitle" : "Food"
  }, {
    "id" : 14092,
    "title" : "Seafood Paella",
    "price" : 101,
    "categoryTitle" : "Food"
  }, {
    "id" : 14095,
    "title" : "Poke",
    "price" : 101,
    "categoryTitle" : "Food"
  }, {
    "id" : 14096,
    "title" : "Pasta and Beans",
    "price" : 101,
    "categoryTitle" : "Food"
  }, {
    "id" : 14097,
    "title" : "Peking Duck",
    "price" : 101,
    "categoryTitle" : "Food"
  }, {
    "id" : 14100,
    "title" : "Pizza",
    "price" : 101,
    "categoryTitle" : "Food"
  }, {
    "id" : 14105,
    "title" : "Pasta Carbonara",
    "price" : 101,
    "categoryTitle" : "Food"
  }, {
    "id" : 14106,
    "title" : "Ricotta Stuffed Ravioli",
    "price" : 101,
    "categoryTitle" : "Food"
  }, {
    "id" : 14107,
    "title" : "Seafood Paella",
    "price" : 101,
    "categoryTitle" : "Food"
  }, {
    "id" : 14108,
    "title" : "Pasta with Tomato and Basil",
    "price" : 101,
    "categoryTitle" : "Food"
  }, {
    "id" : 14111,
    "title" : "Pizza",
    "price" : 101,
    "categoryTitle" : "Food"
  }, {
    "id" : 14120,
    "title" : "Pork Sausage Roll",
    "price" : 101,
    "categoryTitle" : "Food"
  }, {
    "id" : 14121,
    "title" : "Pho",
    "price" : 101,
    "categoryTitle" : "Food"
  }, {
    "id" : 14123,
    "title" : "Honeydew melon",
    "price" : 1055,
    "categoryTitle" : "Food"
  }, {
    "id" : 14127,
    "title" : "Cherries",
    "price" : 3110,
    "categoryTitle" : "Food"
  }, {
    "id" : 14134,
    "title" : "Pho",
    "price" : 101,
    "categoryTitle" : "Food"
  }, {
    "id" : 14135,
    "title" : "Slivered Almonds",
    "price" : 2104,
    "categoryTitle" : "Food"
  }, {
    "id" : 14136,
    "title" : "Quark Quinc",
    "price" : 4016,
    "categoryTitle" : "Food"
  }, {
    "id" : 14137,
    "title" : "Stinky Tofu",
    "price" : 101,
    "categoryTitle" : "Food"
  }, {
    "id" : 14138,
    "title" : "Risotto with Seafood",
    "price" : 101,
    "categoryTitle" : "Food"
  }, {
    "id" : 14139,
    "title" : "Ebiten maki",
    "price" : 175,
    "categoryTitle" : "Food"
  }, {
    "id" : 14144,
    "title" : "Chicken Milanese",
    "price" : 101,
    "categoryTitle" : "Food"
  }, {
    "id" : 14145,
    "title" : "Tacos",
    "price" : 111111,
    "categoryTitle" : "Food"
  }, {
    "id" : 14146,
    "title" : "Mushroom Risotto",
    "price" : 161,
    "categoryTitle" : "Food"
  }, {
    "id" : 14147,
    "title" : "Stinky Tofu",
    "price" : 101,
    "categoryTitle" : "Food"
  }, {
    "id" : 14148,
    "title" : "Pierogi",
    "price" : 101,
    "categoryTitle" : "Food"
  }, {
    "id" : 14149,
    "title" : "Massaman Curry",
    "price" : 101,
    "categoryTitle" : "Food"
  }, {
    "id" : 14150,
    "title" : "Meatballs with Sauce",
    "price" : 101,
    "categoryTitle" : "Food"
  }, {
    "id" : 14151,
    "title" : "French Fries with Sausages",
    "price" : 101,
    "categoryTitle" : "Food"
  }, {
    "id" : 14152,
    "title" : "French Toast",
    "price" : 101,
    "categoryTitle" : "Food"
  }, {
    "id" : 14153,
    "title" : "Chicken Wings",
    "price" : 101,
    "categoryTitle" : "Food"
  }, {
    "id" : 14154,
    "title" : "Scotch Eggs",
    "price" : 101,
    "categoryTitle" : "Food"
  }, {
    "id" : 14155,
    "title" : "Scotch Eggs",
    "price" : 101,
    "categoryTitle" : "Food"
  }, {
    "id" : 14156,
    "title" : "Bruschette with Tomato",
    "price" : 101,
    "categoryTitle" : "Food"
  }, {
    "id" : 14157,
    "title" : "Cheeseburger",
    "price" : 101,
    "categoryTitle" : "Food"
  }, {
    "id" : 14158,
    "title" : "Sushi",
    "price" : 500,
    "categoryTitle" : "Food"
  }, {
    "id" : 14159,
    "title" : "Caprese Salad",
    "price" : 101,
    "categoryTitle" : "Food"
  }, {
    "id" : 14160,
    "title" : "Souvlaki",
    "price" : 500,
    "categoryTitle" : "Food"
  }, {
    "id" : 14161,
    "title" : "Sunspot",
    "price" : 101,
    "categoryTitle" : "Food"
  }, {
    "id" : 14162,
    "title" : "Overtkill",
    "price" : 500,
    "categoryTitle" : "Food"
  }, {
    "id" : 14163,
    "title" : "Pasta with Tomato and Basil",
    "price" : 101,
    "categoryTitle" : "Food"
  }, {
    "id" : 14164,
    "title" : "Quicksilver Claw",
    "price" : 500,
    "categoryTitle" : "Food"
  }, {
    "id" : 14165,
    "title" : "Bruschette with Tomato",
    "price" : 101,
    "categoryTitle" : "Food"
  }, {
    "id" : 14166,
    "title" : "Cerebra",
    "price" : 500,
    "categoryTitle" : "Food"
  }, {
    "id" : 14167,
    "title" : "Giant Niki Sanders Strange",
    "price" : 500,
    "categoryTitle" : "Food"
  }, {
    "id" : 14168,
    "title" : "Hell I",
    "price" : 500,
    "categoryTitle" : "Food"
  }, {
    "id" : 14169,
    "title" : "Meltdown Spirit",
    "price" : 500,
    "categoryTitle" : "Food"
  }, {
    "id" : 14170,
    "title" : "Pho",
    "price" : 101,
    "categoryTitle" : "Food"
  }, {
    "id" : 14173,
    "title" : "Pork Sausage Roll",
    "price" : 101,
    "categoryTitle" : "Food"
  }, {
    "id" : 14174,
    "title" : "Poke",
    "price" : 101,
    "categoryTitle" : "Food"
  }, {
    "id" : 14175,
    "title" : "Chicken Parm",
    "price" : 101,
    "categoryTitle" : "Food"
  }, {
    "id" : 14181,
    "title" : "Pork Belly Buns",
    "price" : 101,
    "categoryTitle" : "Food"
  }, {
    "id" : 14182,
    "title" : "Cheeseburger",
    "price" : 101,
    "categoryTitle" : "Food"
  }, {
    "id" : 14183,
    "title" : "Bunny Chow",
    "price" : 101,
    "categoryTitle" : "Food"
  }, {
    "id" : 14184,
    "title" : "Pork Sausage Roll",
    "price" : 101,
    "categoryTitle" : "Food"
  }, {
    "id" : 14185,
    "title" : "Meatballs with Sauce",
    "price" : 101,
    "categoryTitle" : "Food"
  }, {
    "id" : 14186,
    "title" : "Tacos",
    "price" : 101,
    "categoryTitle" : "Food"
  }, {
    "id" : 14187,
    "title" : "Pasta and Beans",
    "price" : 101,
    "categoryTitle" : "Food"
  }, {
    "id" : 14188,
    "title" : "Som Tam",
    "price" : 101,
    "categoryTitle" : "Food"
  }, {
    "id" : 14189,
    "title" : "Agent Osiris Boy",
    "price" : 500,
    "categoryTitle" : "Food"
  }, {
    "id" : 14190,
    "title" : "Pork Sausage Roll",
    "price" : 101,
    "categoryTitle" : "Food"
  }, {
    "id" : 14194,
    "title" : "Pandanus leaves",
    "price" : 4830,
    "categoryTitle" : "Food"
  }, {
    "id" : 14195,
    "title" : "Pandanus leaves",
    "price" : 3786,
    "categoryTitle" : "Food"
  }, {
    "id" : 14197,
    "title" : "FlourOat",
    "price" : 1186,
    "categoryTitle" : "Food"
  }, {
    "id" : 14198,
    "title" : "Semolina",
    "price" : 8455,
    "categoryTitle" : "Food"
  }, {
    "id" : 14200,
    "title" : "Peppercorns",
    "price" : 319,
    "categoryTitle" : "Food"
  }, {
    "id" : 14201,
    "title" : "Cucumber",
    "price" : 9290,
    "categoryTitle" : "Food"
  }, {
    "id" : 14273,
    "title" : null,
    "price" : 117,
    "categoryTitle" : "Food"
  }, {
    "id" : 14204,
    "title" : "Aubergine",
    "price" : 6405,
    "categoryTitle" : "Food"
  }, {
    "id" : 14274,
    "title" : null,
    "price" : 149,
    "categoryTitle" : "Food"
  }, {
    "id" : 14275,
    "title" : "Katsu Curry",
    "price" : 0,
    "categoryTitle" : "Food"
  }, {
    "id" : 14276,
    "title" : "Scotch Eggs",
    "price" : -1,
    "categoryTitle" : "Food"
  }, {
    "id" : 14277,
    "title" : null,
    "price" : 142,
    "categoryTitle" : "Food"
  }, {
    "id" : 14278,
    "title" : "Mushroom Risotto",
    "price" : 0,
    "categoryTitle" : "Food"
  }, {
    "id" : 14279,
    "title" : "Pork Sausage Roll",
    "price" : 0,
    "categoryTitle" : "Food"
  }, {
    "id" : 14280,
    "title" : "Tuna Sashimi",
    "price" : -1,
    "categoryTitle" : "Food"
  }, {
    "id" : 14281,
    "title" : null,
    "price" : 175,
    "categoryTitle" : "Food"
  }, {
    "id" : 14282,
    "title" : "Tacos",
    "price" : 0,
    "categoryTitle" : "Food"
  }, {
    "id" : 14214,
    "title" : "Mushroom Risotto",
    "price" : 160,
    "categoryTitle" : "Food"
  }, {
    "id" : 14215,
    "title" : "Bread",
    "price" : 100,
    "categoryTitle" : "Food"
  }, {
    "id" : 14216,
    "title" : "Pasta and Beans",
    "price" : 174,
    "categoryTitle" : "Food"
  }, {
    "id" : 14283,
    "title" : "Pho",
    "price" : 0,
    "categoryTitle" : "Food"
  }, {
    "id" : 14224,
    "title" : "Jelly",
    "price" : 5090,
    "categoryTitle" : "Food"
  }, {
    "id" : 14226,
    "title" : "Butter Beans",
    "price" : -8348,
    "categoryTitle" : "Food"
  }, {
    "id" : 14230,
    "title" : "Green Tea noodles",
    "price" : 8814,
    "categoryTitle" : "Food"
  }, {
    "id" : 14231,
    "title" : "Bread",
    "price" : 100,
    "categoryTitle" : "Food"
  }, {
    "id" : 14232,
    "title" : "Fettuccine Alfredo",
    "price" : 177,
    "categoryTitle" : "Food"
  }, {
    "id" : 14234,
    "title" : "Beef",
    "price" : -5812,
    "categoryTitle" : "Food"
  }, {
    "id" : 14238,
    "title" : "Cloves",
    "price" : 3782,
    "categoryTitle" : "Food"
  }, {
    "id" : 14239,
    "title" : null,
    "price" : 100,
    "categoryTitle" : "Food"
  }, {
    "id" : 14240,
    "title" : null,
    "price" : 100,
    "categoryTitle" : "Food"
  }, {
    "id" : 14241,
    "title" : null,
    "price" : 0,
    "categoryTitle" : "Food"
  }, {
    "id" : 14244,
    "title" : "Coffee",
    "price" : -7732,
    "categoryTitle" : "Food"
  }, {
    "id" : 14248,
    "title" : "Butter",
    "price" : 8572,
    "categoryTitle" : "Food"
  }, {
    "id" : 14249,
    "title" : "BREEED",
    "price" : 100,
    "categoryTitle" : "Food"
  }, {
    "id" : 13459,
    "title" : "Bread",
    "price" : 100,
    "categoryTitle" : "Food"
  }, {
    "id" : 14252,
    "title" : "Garam Masala",
    "price" : -9780,
    "categoryTitle" : "Food"
  }, {
    "id" : 14256,
    "title" : "Avocado Oil",
    "price" : 6628,
    "categoryTitle" : "Food"
  }, {
    "id" : 14203,
    "title" : "Cauliflower Penne",
    "price" : 104,
    "categoryTitle" : "Food"
  }, {
    "id" : 14260,
    "title" : "Som Tam",
    "price" : 177,
    "categoryTitle" : "Food"
  }, {
    "id" : 14265,
    "title" : "Stinky Tofu",
    "price" : 173,
    "categoryTitle" : "Food"
  }, {
    "id" : 14339,
    "title" : "French Toast",
    "price" : 121,
    "categoryTitle" : "Food"
  }, {
    "id" : 14342,
    "title" : "BulghurBurghul",
    "price" : -7841,
    "categoryTitle" : "Food"
  }, {
    "id" : 14346,
    "title" : "Turkey",
    "price" : 5387,
    "categoryTitle" : "Food"
  }, {
    "id" : 14349,
    "title" : "Capsicum",
    "price" : -4780,
    "categoryTitle" : "Food"
  }, {
    "id" : 14353,
    "title" : "Flaxseed Oil",
    "price" : 6544,
    "categoryTitle" : "Food"
  }, {
    "id" : 14356,
    "title" : "Butternut pumpkin",
    "price" : -8916,
    "categoryTitle" : "Food"
  }, {
    "id" : 14360,
    "title" : "Cinnamon",
    "price" : 3780,
    "categoryTitle" : "Food"
  }, {
    "id" : 14363,
    "title" : "Hummus",
    "price" : -8627,
    "categoryTitle" : "Food"
  }, {
    "id" : 14367,
    "title" : "Nutritional Yeast",
    "price" : 9471,
    "categoryTitle" : "Food"
  } ]
}
нояб. 16, 2021 8:52:58 PM okhttp3.internal.platform.Platform log
INFO: <-- END HTTP (36574-byte body)
]]></system-err>
  </testcase>
  <testcase name="testThatFurniturePriceAllMoreThanZero" classname="Test_Category" time="0.006"/>
  <testcase name="getCategoryWithResponseAssertionsPositiveTest" classname="Test_Category" time="0.55"/>
</testsuite>